<?xml version="1.0" encoding="UTF-8"?>
<testsuite name="UI Testing"
           tests="8"
           failures="1"
           errors="0"
           skipped="0"
           time="0.204">
  <properties />
            <testcase name="lblEmailFontCheck" time="0.035" classname="uitesting.LoginTest">
                <failure type="java.lang.AssertionError"
                  message="the expected font (Times new Roman) is not present in the font family expected [true] but found [false]"
              >
<![CDATA[java.lang.AssertionError: the expected font (Times new Roman) is not present in the font family expected [true] but found [false]
  org.testng.Assert.fail(Assert.java:96)
  org.testng.Assert.failNotEquals(Assert.java:776)
  org.testng.Assert.assertTrue(Assert.java:44)
  uitesting.LoginTest.lblEmailFontCheck(LoginTest.java:157)
  sun.reflect.NativeMethodAccessorImpl.invoke0(Native Method)
  sun.reflect.NativeMethodAccessorImpl.invoke(NativeMethodAccessorImpl.java:62)
  sun.reflect.DelegatingMethodAccessorImpl.invoke(DelegatingMethodAccessorImpl.java:43)
  java.lang.reflect.Method.invoke(Method.java:498)
  org.testng.internal.MethodInvocationHelper.invokeMethod(MethodInvocationHelper.java:124)
  org.testng.internal.Invoker.invokeMethod(Invoker.java:580)
  org.testng.internal.Invoker.invokeTestMethod(Invoker.java:716)
  org.testng.internal.Invoker.invokeTestMethods(Invoker.java:988)
  org.testng.internal.TestMethodWorker.invokeTestMethods(TestMethodWorker.java:125)
  org.testng.internal.TestMethodWorker.run(TestMethodWorker.java:109)
  org.testng.TestRunner.privateRun(TestRunner.java:648)
  org.testng.TestRunner.run(TestRunner.java:505)
  org.testng.SuiteRunner.runTest(SuiteRunner.java:455)
  org.testng.SuiteRunner.runSequentially(SuiteRunner.java:450)
  org.testng.SuiteRunner.privateRun(SuiteRunner.java:415)
  org.testng.SuiteRunner.run(SuiteRunner.java:364)
  org.testng.SuiteRunnerWorker.runSuite(SuiteRunnerWorker.java:52)
  org.testng.SuiteRunnerWorker.run(SuiteRunnerWorker.java:84)
  org.testng.TestNG.runSuitesSequentially(TestNG.java:1208)
  org.testng.TestNG.runSuitesLocally(TestNG.java:1137)
  org.testng.TestNG.runSuites(TestNG.java:1049)
  org.testng.TestNG.run(TestNG.java:1017)
  com.intellij.rt.testng.IDEARemoteTestNG.run(IDEARemoteTestNG.java:66)
  com.intellij.rt.testng.RemoteTestNGStarter.main(RemoteTestNGStarter.java:110)
]]>
      </failure>

          </testcase>
  
  
            <testcase name="lblEmailSpellCheck" time="0.021" classname="uitesting.LoginTest" />
                <testcase name="lblLoginCheckIsHeader" time="0.017" classname="uitesting.LoginTest" />
                <testcase name="btnLoginColor" time="0.041" classname="uitesting.LoginTest" />
                <testcase name="txtuserNameEnability" time="0.016" classname="uitesting.LoginTest" />
                <testcase name="txtEmailCheckWatermark" time="0.026" classname="uitesting.LoginTest" />
                <testcase name="lblEmailFontFamilyCheck" time="0.019" classname="uitesting.LoginTest" />
                <testcase name="txtUsernameVisibility" time="0.029" classname="uitesting.LoginTest" />
      
</testsuite>
